<?xml version="1.0" encoding="UTF-8"?>
<testng-results ignored="0" total="3" passed="2" failed="1" skipped="0">
  <reporter-output>
  </reporter-output>
  <suite started-at="2022-09-01T12:48:31 AEST" name="Default suite" finished-at="2022-09-01T12:48:48 AEST" duration-ms="17442">
    <groups>
    </groups>
    <test started-at="2022-09-01T12:48:31 AEST" name="Default test" finished-at="2022-09-01T12:48:48 AEST" duration-ms="17442">
      <class name="listeners.ExtentReportDemo">
        <test-method is-config="true" signature="setextent()[pri:0, instance:listeners.ExtentReportDemo@659499f1]" started-at="2022-09-01T12:48:31 AEST" name="setextent" finished-at="2022-09-01T12:48:31 AEST" duration-ms="148" status="PASS">
          <reporter-output>
          </reporter-output>
        </test-method> <!-- setextent -->
        <test-method is-config="true" signature="setup()[pri:0, instance:listeners.ExtentReportDemo@659499f1]" started-at="2022-09-01T12:48:31 AEST" name="setup" finished-at="2022-09-01T12:48:40 AEST" duration-ms="8715" status="PASS">
          <reporter-output>
          </reporter-output>
        </test-method> <!-- setup -->
        <test-method signature="nopCommerceLoginTest()[pri:0, instance:listeners.ExtentReportDemo@659499f1]" started-at="2022-09-01T12:48:40 AEST" name="nopCommerceLoginTest" finished-at="2022-09-01T12:48:40 AEST" duration-ms="15" status="PASS">
          <reporter-output>
          </reporter-output>
        </test-method> <!-- nopCommerceLoginTest -->
        <test-method is-config="true" signature="tearDown(org.testng.ITestResult)[pri:0, instance:listeners.ExtentReportDemo@659499f1]" started-at="2022-09-01T12:48:40 AEST" name="tearDown" finished-at="2022-09-01T12:48:40 AEST" duration-ms="270" status="PASS">
          <params>
            <param index="0">
              <value>
                <![CDATA[[TestResult name=nopCommerceLoginTest status=SUCCESS method=ExtentReportDemo.nopCommerceLoginTest()[pri:0, instance:listeners.ExtentReportDemo@659499f1] output={null}]]]>
              </value>
            </param>
          </params>
          <reporter-output>
          </reporter-output>
        </test-method> <!-- tearDown -->
        <test-method is-config="true" signature="setup()[pri:0, instance:listeners.ExtentReportDemo@659499f1]" started-at="2022-09-01T12:48:40 AEST" name="setup" finished-at="2022-09-01T12:48:44 AEST" duration-ms="3998" status="PASS">
          <reporter-output>
          </reporter-output>
        </test-method> <!-- setup -->
        <test-method signature="nopCommerceLogoTest()[pri:0, instance:listeners.ExtentReportDemo@659499f1]" started-at="2022-09-01T12:48:44 AEST" name="nopCommerceLogoTest" finished-at="2022-09-01T12:48:44 AEST" duration-ms="57" status="PASS">
          <reporter-output>
          </reporter-output>
        </test-method> <!-- nopCommerceLogoTest -->
        <test-method is-config="true" signature="tearDown(org.testng.ITestResult)[pri:0, instance:listeners.ExtentReportDemo@659499f1]" started-at="2022-09-01T12:48:44 AEST" name="tearDown" finished-at="2022-09-01T12:48:44 AEST" duration-ms="186" status="PASS">
          <params>
            <param index="0">
              <value>
                <![CDATA[[TestResult name=nopCommerceLogoTest status=SUCCESS method=ExtentReportDemo.nopCommerceLogoTest()[pri:0, instance:listeners.ExtentReportDemo@659499f1] output={null}]]]>
              </value>
            </param>
          </params>
          <reporter-output>
          </reporter-output>
        </test-method> <!-- tearDown -->
        <test-method is-config="true" signature="setup()[pri:0, instance:listeners.ExtentReportDemo@659499f1]" started-at="2022-09-01T12:48:44 AEST" name="setup" finished-at="2022-09-01T12:48:48 AEST" duration-ms="3178" status="PASS">
          <reporter-output>
          </reporter-output>
        </test-method> <!-- setup -->
        <test-method signature="nopCommerceTitleTest()[pri:0, instance:listeners.ExtentReportDemo@659499f1]" started-at="2022-09-01T12:48:48 AEST" name="nopCommerceTitleTest" finished-at="2022-09-01T12:48:48 AEST" duration-ms="16" status="FAIL">
          <exception class="java.lang.AssertionError">
            <message>
              <![CDATA[expected [Store Demo - noCommerce] but found [Store Demo - nopCommerce]]]>
            </message>
            <full-stacktrace>
              <![CDATA[java.lang.AssertionError: expected [Store Demo - noCommerce] but found [Store Demo - nopCommerce]
at org.testng.Assert.fail(Assert.java:99)
at org.testng.Assert.failNotEquals(Assert.java:1037)
at org.testng.Assert.assertEqualsImpl(Assert.java:140)
at org.testng.Assert.assertEquals(Assert.java:122)
at org.testng.Assert.assertEquals(Assert.java:629)
at org.testng.Assert.assertEquals(Assert.java:639)
at listeners.ExtentReportDemo.nopCommerceTitleTest(ExtentReportDemo.java:67)
at java.base/jdk.internal.reflect.NativeMethodAccessorImpl.invoke0(Native Method)
at java.base/jdk.internal.reflect.NativeMethodAccessorImpl.invoke(NativeMethodAccessorImpl.java:77)
at java.base/jdk.internal.reflect.DelegatingMethodAccessorImpl.invoke(DelegatingMethodAccessorImpl.java:43)
at java.base/java.lang.reflect.Method.invoke(Method.java:568)
at org.testng.internal.MethodInvocationHelper.invokeMethod(MethodInvocationHelper.java:133)
at org.testng.internal.TestInvoker.invokeMethod(TestInvoker.java:598)
at org.testng.internal.TestInvoker.invokeTestMethod(TestInvoker.java:173)
at org.testng.internal.MethodRunner.runInSequence(MethodRunner.java:46)
at org.testng.internal.TestInvoker$MethodInvocationAgent.invoke(TestInvoker.java:824)
at org.testng.internal.TestInvoker.invokeTestMethods(TestInvoker.java:146)
at org.testng.internal.TestMethodWorker.invokeTestMethods(TestMethodWorker.java:146)
at org.testng.internal.TestMethodWorker.run(TestMethodWorker.java:128)
at java.base/java.util.ArrayList.forEach(ArrayList.java:1511)
at org.testng.TestRunner.privateRun(TestRunner.java:794)
at org.testng.TestRunner.run(TestRunner.java:596)
at org.testng.SuiteRunner.runTest(SuiteRunner.java:377)
at org.testng.SuiteRunner.runSequentially(SuiteRunner.java:371)
at org.testng.SuiteRunner.privateRun(SuiteRunner.java:332)
at org.testng.SuiteRunner.run(SuiteRunner.java:276)
at org.testng.SuiteRunnerWorker.runSuite(SuiteRunnerWorker.java:53)
at org.testng.SuiteRunnerWorker.run(SuiteRunnerWorker.java:96)
at org.testng.TestNG.runSuitesSequentially(TestNG.java:1212)
at org.testng.TestNG.runSuitesLocally(TestNG.java:1134)
at org.testng.TestNG.runSuites(TestNG.java:1063)
at org.testng.TestNG.run(TestNG.java:1031)
at org.testng.remote.AbstractRemoteTestNG.run(AbstractRemoteTestNG.java:115)
at org.testng.remote.RemoteTestNG.initAndRun(RemoteTestNG.java:251)
at org.testng.remote.RemoteTestNG.main(RemoteTestNG.java:77)
]]>
            </full-stacktrace>
          </exception> <!-- java.lang.AssertionError -->
          <reporter-output>
          </reporter-output>
        </test-method> <!-- nopCommerceTitleTest -->
        <test-method is-config="true" signature="tearDown(org.testng.ITestResult)[pri:0, instance:listeners.ExtentReportDemo@659499f1]" started-at="2022-09-01T12:48:48 AEST" name="tearDown" finished-at="2022-09-01T12:48:48 AEST" duration-ms="561" status="PASS">
          <params>
            <param index="0">
              <value>
                <![CDATA[[TestResult name=nopCommerceTitleTest status=FAILURE method=ExtentReportDemo.nopCommerceTitleTest()[pri:0, instance:listeners.ExtentReportDemo@659499f1] output={null}]]]>
              </value>
            </param>
          </params>
          <reporter-output>
          </reporter-output>
        </test-method> <!-- tearDown -->
        <test-method is-config="true" signature="endReport()[pri:0, instance:listeners.ExtentReportDemo@659499f1]" started-at="2022-09-01T12:48:48 AEST" name="endReport" finished-at="2022-09-01T12:48:48 AEST" duration-ms="256" status="PASS">
          <reporter-output>
          </reporter-output>
        </test-method> <!-- endReport -->
      </class> <!-- listeners.ExtentReportDemo -->
    </test> <!-- Default test -->
  </suite> <!-- Default suite -->
</testng-results>
